master/platforms/android-1/app/build/outputs/logs/manifest-merger-release-report.txt
-- Merging decision tree log ---
provider#android.support.v4.content.FileProvider
INJECTED from src/main/AndroidManifest.xml:33:5-35:16
	android:grantUriPermissions
		ADDED from src/main/AndroidManifest.xml:33:88-122
	android:authorities
		INJECTED from src/main/AndroidManifest.xml
		ADDED from src/main/AndroidManifest.xml:33:15-62
	android:exported
		ADDED from src/main/AndroidManifest.xml:33:63-87
	android:name
		ADDED from src/main/AndroidManifest.xml:33:123-177
manifest
ADDED from src/main/AndroidManifest.xml:2:1-46:12
INJECTED from src/main/AndroidManifest.xml:2:1-46:12
INJECTED from src/main/AndroidManifest.xml:2:1-46:12
INJECTED from src/main/AndroidManifest.xml:2:1-46:12
MERGED from [com.android.support:support-v4:24.1.1] AndroidManifest.xml:17:1-27:12
MERGED from [:CordovaLib] AndroidManifest.xml:20:1-27:12
INJECTED from src/main/AndroidManifest.xml:2:1-46:12
INJECTED from src/main/AndroidManifest.xml:2:1-46:12
INJECTED from src/main/AndroidManifest.xml:2:1-46:12
	package
		ADDED from src/main/AndroidManifest.xml:2:102-139
		INJECTED from src/main/AndroidManifest.xml
		INJECTED from src/main/AndroidManifest.xml
	android:versionName
		ADDED from src/main/AndroidManifest.xml:2:74-101
		INJECTED from src/main/AndroidManifest.xml
		INJECTED from src/main/AndroidManifest.xml
	android:hardwareAccelerated
		ADDED from src/main/AndroidManifest.xml:2:11-45
	xmlns:android
		ADDED from src/main/AndroidManifest.xml:2:140-198
	android:versionCode
		ADDED from src/main/AndroidManifest.xml:2:46-73
		INJECTED from src/main/AndroidManifest.xml
		INJECTED from src/main/AndroidManifest.xml
supports-screens
ADDED from src/main/AndroidManifest.xml:3:3-188
	android:largeScreens
		ADDED from src/main/AndroidManifest.xml:3:47-74
	android:smallScreens
		ADDED from src/main/AndroidManifest.xml:3:130-157
	android:normalScreens
		ADDED from src/main/AndroidManifest.xml:3:75-103
	android:xlargeScreens
		ADDED from src/main/AndroidManifest.xml:3:158-186
	android:resizeable
		ADDED from src/main/AndroidManifest.xml:3:104-129
	android:anyDensity
		ADDED from src/main/AndroidManifest.xml:3:21-46
uses-permission#android.permission.INTERNET
ADDED from src/main/AndroidManifest.xml:4:3-64
	android:name
		ADDED from src/main/AndroidManifest.xml:4:20-62
uses-permission#android.permission.WRITE_EXTERNAL_STORAGE
ADDED from src/main/AndroidManifest.xml:5:3-78
	android:name
		ADDED from src/main/AndroidManifest.xml:5:20-76
uses-permission#android.permission.ACCESS_COARSE_LOCATION
ADDED from src/main/AndroidManifest.xml:6:3-78
	android:name
		ADDED from src/main/AndroidManifest.xml:6:20-76
uses-permission#android.permission.ACCESS_FINE_LOCATION
ADDED from src/main/AndroidManifest.xml:7:3-76
	android:name
		ADDED from src/main/AndroidManifest.xml:7:20-74
uses-permission#android.permission.RECORD_AUDIO
ADDED from src/main/AndroidManifest.xml:8:3-68
	android:name
		ADDED from src/main/AndroidManifest.xml:8:20-66
uses-permission#android.permission.RECORD_VIDEO
ADDED from src/main/AndroidManifest.xml:9:3-68
	android:name
		ADDED from src/main/AndroidManifest.xml:9:20-66
uses-permission#android.permission.READ_EXTERNAL_STORAGE
ADDED from src/main/AndroidManifest.xml:10:3-77
	android:name
		ADDED from src/main/AndroidManifest.xml:10:20-75
uses-permission#android.permission.ACCESS_NETWORK_STATE
ADDED from src/main/AndroidManifest.xml:11:3-76
	android:name
		ADDED from src/main/AndroidManifest.xml:11:20-74
uses-permission#android.permission.VIBRATE
ADDED from src/main/AndroidManifest.xml:12:3-63
	android:name
		ADDED from src/main/AndroidManifest.xml:12:20-61
application
ADDED from src/main/AndroidManifest.xml:13:3-43:17
MERGED from [com.android.support:support-v4:24.1.1] AndroidManifest.xml:25:5-20
MERGED from [com.android.support:support-v4:24.1.1] AndroidManifest.xml:25:5-20
	android:supportsRtl
		ADDED from src/main/AndroidManifest.xml:13:112-138
	android:label
		ADDED from src/main/AndroidManifest.xml:13:79-111
	android:hardwareAccelerated
		ADDED from src/main/AndroidManifest.xml:13:16-50
	android:icon
		ADDED from src/main/AndroidManifest.xml:13:51-78
activity#com.continuetogive.giverapp.MainActivity
ADDED from src/main/AndroidManifest.xml:14:5-32:16
	android:label
		ADDED from src/main/AndroidManifest.xml:14:93-130
	android:launchMode
		ADDED from src/main/AndroidManifest.xml:14:131-162
	android:windowSoftInputMode
		ADDED from src/main/AndroidManifest.xml:14:254-296
	android:configChanges
		ADDED from src/main/AndroidManifest.xml:14:15-92
	android:theme
		ADDED from src/main/AndroidManifest.xml:14:191-253
	android:name
		ADDED from src/main/AndroidManifest.xml:14:163-190
intent-filter#android.intent.action.MAIN+android.intent.category.LAUNCHER
ADDED from src/main/AndroidManifest.xml:15:7-18:23
	android:label
		ADDED from src/main/AndroidManifest.xml:15:22-59
action#android.intent.action.MAIN
ADDED from src/main/AndroidManifest.xml:16:9-60
	android:name
		ADDED from src/main/AndroidManifest.xml:16:17-58
category#android.intent.category.LAUNCHER
ADDED from src/main/AndroidManifest.xml:17:9-68
	android:name
		ADDED from src/main/AndroidManifest.xml:17:19-66
intent-filter#android.intent.action.VIEW+android.intent.category.BROWSABLE+android.intent.category.DEFAULT
ADDED from src/main/AndroidManifest.xml:19:7-24:23
	android:autoVerify
		ADDED from src/main/AndroidManifest.xml:25:59-84
	android:name
		ADDED from src/main/AndroidManifest.xml:19:22-60
action#android.intent.action.VIEW
ADDED from src/main/AndroidManifest.xml:20:9-60
	android:name
		ADDED from src/main/AndroidManifest.xml:20:17-58
category#android.intent.category.DEFAULT
ADDED from src/main/AndroidManifest.xml:21:9-67
	android:name
		ADDED from src/main/AndroidManifest.xml:21:19-65
category#android.intent.category.BROWSABLE
ADDED from src/main/AndroidManifest.xml:22:9-69
	android:name
		ADDED from src/main/AndroidManifest.xml:22:19-67
data
ADDED from src/main/AndroidManifest.xml:23:9-42
	android:host
		ADDED from src/main/AndroidManifest.xml:29:15-53
	android:scheme
		ADDED from src/main/AndroidManifest.xml:23:15-40
meta-data#io.branch.sdk.BranchKey
ADDED from src/main/AndroidManifest.xml:36:5-114
	android:value
		ADDED from src/main/AndroidManifest.xml:36:55-112
	android:name
		ADDED from src/main/AndroidManifest.xml:36:16-54
meta-data#io.branch.sdk.TestMode
ADDED from src/main/AndroidManifest.xml:37:5-77
	android:value
		ADDED from src/main/AndroidManifest.xml:37:54-75
	android:name
		ADDED from src/main/AndroidManifest.xml:37:16-53
receiver#io.branch.referral.InstallListener
ADDED from src/main/AndroidManifest.xml:38:5-42:16
	android:exported
		ADDED from src/main/AndroidManifest.xml:38:65-88
	android:name
		ADDED from src/main/AndroidManifest.xml:38:15-64
intent-filter#com.android.vending.INSTALL_REFERRER
ADDED from src/main/AndroidManifest.xml:39:7-41:23
action#com.android.vending.INSTALL_REFERRER
ADDED from src/main/AndroidManifest.xml:40:9-70
	android:name
		ADDED from src/main/AndroidManifest.xml:40:17-68
uses-sdk
ADDED from src/main/AndroidManifest.xml:44:3-71
MERGED from [com.android.support:support-v4:24.1.1] AndroidManifest.xml:21:5-23:54
MERGED from [com.android.support:support-v4:24.1.1] AndroidManifest.xml:21:5-23:54
MERGED from [:CordovaLib] AndroidManifest.xml:25:5-44
MERGED from [:CordovaLib] AndroidManifest.xml:25:5-44
	tools:overrideLibrary
		ADDED from [com.android.support:support-v4:24.1.1] AndroidManifest.xml:23:9-51
	android:targetSdkVersion
		ADDED from src/main/AndroidManifest.xml:44:40-69
	android:minSdkVersion
		ADDED from src/main/AndroidManifest.xml:44:13-39
uses-feature#android.hardware.location.gps
ADDED from src/main/AndroidManifest.xml:45:3-63
	android:name
		ADDED from src/main/AndroidManifest.xml:45:17-61
meta-data#android.support.FILE_PROVIDER_PATHS
ADDED from src/main/AndroidManifest.xml:34:7-109
	android:resource
		ADDED from src/main/AndroidManifest.xml:34:69-107
	android:name
		ADDED from src/main/AndroidManifest.xml:34:18-68